[Logger] 2017-01-25 13:44:48,702 - Start tools!
[Logger] 2017-01-25 14:10:24,633 - Start tools!
[Logger] 2017-01-25 14:10:56,121 - Start tools!
[Logger] 2017-01-25 14:11:12,308 - PSA Start!
[Logger] 2017-01-25 14:11:16,041 - PSB Start!
[Logger] 2017-01-25 23:01:49,789 - Start tools!
[Logger] 2017-01-25 23:04:35,796 - Start tools!
[Logger] 2017-01-25 23:55:58,119 - Start tools!
[Logger] 2017-01-26 22:49:27,107 - Start tools!
[Logger] 2017-01-26 22:49:34,780 - PSA Start!
[Logger] 2017-01-26 23:50:05,712 - Start tools!
[Logger] 2017-01-26 23:56:25,884 - Start tools!
[Logger] 2017-01-28 15:43:59,029 - Start tools!
[Logger] 2017-01-28 15:44:49,471 - Start tools!
[Logger] 2017-01-28 15:45:57,422 - Start tools!
[Logger] 2017-01-28 15:46:13,369 - Start tools!
[Logger] 2017-01-28 16:23:57,847 - Start tools!
[Logger] 2017-01-28 16:25:05,201 - Start tools!
[Logger] 2017-01-28 16:25:51,213 - Start tools!
[Logger] 2017-01-28 16:26:37,380 - Start tools!
[Logger] 2017-01-28 16:36:49,068 - Start tools!
[Logger] 2017-01-28 16:37:49,977 - Start tools!
[Logger] 2017-01-28 16:38:17,795 - Start tools!
[Logger] 2017-01-30 11:39:52,335 - Start tools!
[Logger] 2017-01-30 11:43:24,845 - Start tools!
[Logger] 2017-01-30 12:58:06,843 - Start tools!
[Logger] 2017-01-30 13:16:48,700 - Start tools!
[Logger] 2017-01-30 13:16:52,516 - nullå¯åŠ¨ï¼
[Logger] 2017-01-30 13:18:22,354 - Start tools!
[Logger] 2017-01-30 13:18:24,347 - nullå¯åŠ¨ï¼
[Logger] 2017-01-30 13:20:29,568 - Start tools!
[Logger] 2017-01-30 13:20:32,845 - VRA:å¯åŠ¨ï¼
[Logger] 2017-01-30 13:20:35,580 - PSB:å¯åŠ¨ï¼
[Logger] 2017-01-30 13:30:27,508 - Start tools!
[Logger] 2017-01-30 13:30:35,518 - PSA:å¯åŠ¨ï¼
[Logger] 2017-01-30 13:30:51,225 - Start tools!
[Logger] 2017-01-30 13:30:53,814 - PSA:å¯åŠ¨ï¼
[Logger] 2017-01-30 13:31:43,105 - Start tools!
[Logger] 2017-01-30 13:31:57,325 - PSA:å¯åŠ¨ï¼
[Logger] 2017-01-30 13:31:59,479 - PSB:å¯åŠ¨ï¼
[Logger] 2017-01-30 13:32:00,836 - VRA:å¯åŠ¨ï¼
[Logger] 2017-01-30 13:32:02,027 - VRA:åœæ­¢ï¼
[Logger] 2017-01-30 13:32:14,594 - PSA:åœæ­¢ï¼
[Logger] 2017-01-30 13:32:15,931 - PSB:åœæ­¢ï¼
[Logger] 2017-01-30 13:34:55,495 - Start tools!
[Logger] 2017-01-30 13:34:57,264 - PSA:å¯åŠ¨ï¼
[Logger] 2017-01-30 13:35:00,714 - VRA:å¯åŠ¨ï¼
[Logger] 2017-01-30 13:35:04,421 - PSA:åœæ­¢,æœ¬æ¬¡ä½¿ç”¨æ—¶é—´ï¼š00:00:07.71
[Logger] 2017-01-30 13:35:08,153 - VRA:åœæ­¢,æœ¬æ¬¡ä½¿ç”¨æ—¶é—´ï¼š00:00:07.371
[Logger] 2017-01-30 13:35:09,795 - PSA:å¯åŠ¨ï¼
[Logger] 2017-01-30 13:35:11,010 - PSA:åœæ­¢,æœ¬æ¬¡ä½¿ç”¨æ—¶é—´ï¼š00:00:01.210
[Logger] 2017-01-30 13:35:33,245 - Start tools!
[Logger] 2017-01-30 13:37:13,173 - Start tools!
[Logger] 2017-01-30 13:37:22,496 - Start tools!
[Logger] 2017-01-30 13:37:40,074 - PSA:Æô¶¯£¡
[Logger] 2017-01-30 13:37:41,628 - VRA:Æô¶¯£¡
[Logger] 2017-01-30 13:37:42,107 - VRA:Í£Ö¹,±¾´ÎÊ¹ÓÃÊ±¼ä£º00:00:00.403
[Logger] 2017-01-30 13:37:42,781 - PSA:Í£Ö¹,±¾´ÎÊ¹ÓÃÊ±¼ä£º00:00:02.634
[Logger] 2017-01-30 13:38:55,694 - Start tools!
